<?xml version="1.0" encoding="UTF-8"?>
<testsuite xmlns:xsi="http://www.w3.org/2001/XMLSchema-instance" xsi:schemaLocation="https://maven.apache.org/surefire/maven-surefire-plugin/xsd/surefire-test-report.xsd" name="runner.RunnerTest" time="7.439" tests="71" errors="0" skipped="0" failures="0">
  <properties>
    <property name="java.runtime.name" value="Java(TM) SE Runtime Environment"/>
    <property name="sun.boot.library.path" value="C:\Program Files\Java\jdk1.8.0_211\jre\bin"/>
    <property name="java.vm.version" value="25.211-b12"/>
    <property name="java.vm.vendor" value="Oracle Corporation"/>
    <property name="maven.multiModuleProjectDirectory" value="C:\dev\test\impacta-integration-testing"/>
    <property name="java.vendor.url" value="http://java.oracle.com/"/>
    <property name="path.separator" value=";"/>
    <property name="guice.disable.misplaced.annotation.check" value="true"/>
    <property name="java.vm.name" value="Java HotSpot(TM) 64-Bit Server VM"/>
    <property name="file.encoding.pkg" value="sun.io"/>
    <property name="user.script" value=""/>
    <property name="user.country" value="BR"/>
    <property name="sun.java.launcher" value="SUN_STANDARD"/>
    <property name="sun.os.patch.level" value=""/>
    <property name="java.vm.specification.name" value="Java Virtual Machine Specification"/>
    <property name="user.dir" value="C:\dev\test\impacta-integration-testing"/>
    <property name="java.runtime.version" value="1.8.0_211-b12"/>
    <property name="java.awt.graphicsenv" value="sun.awt.Win32GraphicsEnvironment"/>
    <property name="java.endorsed.dirs" value="C:\Program Files\Java\jdk1.8.0_211\jre\lib\endorsed"/>
    <property name="os.arch" value="amd64"/>
    <property name="java.io.tmpdir" value="C:\Users\thiag\AppData\Local\Temp\"/>
    <property name="line.separator" value="&#10;"/>
    <property name="java.vm.specification.vendor" value="Oracle Corporation"/>
    <property name="user.variant" value=""/>
    <property name="os.name" value="Windows 10"/>
    <property name="classworlds.conf" value="C:\dev\apache-maven-3.6.3\bin\..\bin\m2.conf"/>
    <property name="sun.jnu.encoding" value="Cp1252"/>
    <property name="java.library.path" value="C:\Program Files\Java\jdk1.8.0_211\bin;C:\WINDOWS\Sun\Java\bin;C:\WINDOWS\system32;C:\WINDOWS;C:\Program Files\Zulu\zulu-8\bin\;C:\Python27\;C:\Python27\Scripts;C:\WINDOWS\system32;C:\WINDOWS;C:\WINDOWS\System32\Wbem;C:\WINDOWS\System32\WindowsPowerShell\v1.0\;C:\WINDOWS\System32\OpenSSH\;C:\Program Files\dotnet\;C:\Program Files\Microsoft SQL Server\130\Tools\Binn\;C:\Program Files\Microsoft SQL Server\Client SDK\ODBC\170\Tools\Binn\;C:\Program Files\Microsoft SQL Server\Client SDK\ODBC\110\Tools\Binn\;C:\Program Files (x86)\Microsoft SQL Server\120\Tools\Binn\ManagementStudio\;C:\Program Files (x86)\Microsoft SQL Server\120\Tools\Binn\;C:\Program Files\Microsoft SQL Server\120\Tools\Binn\;C:\Program Files (x86)\Microsoft SQL Server\120\DTS\Binn\;C:\Program Files\Microsoft SQL Server\120\DTS\Binn\;C:\src\flutter\bin;C:\Program Files (x86)\Intel\Intel(R) Management Engine Components\DAL;C:\Program Files\Intel\Intel(R) Management Engine Components\DAL;C:\ProgramData\chocolatey\bin;C:\Program Files\Java\jdk1.8.0_211\bin;C:\Program Files\nodejs\;C:\Program Files (x86)\Yarn\bin\;C:\Program Files\Git\cmd;C:\Program Files\Docker\Docker\resources\bin;C:\ProgramData\DockerDesktop\version-bin;C:\dev\chromedriver_win32;C:\Program Files\MySQL\MySQL Shell 8.0\bin\;C:\Users\thiag\AppData\Local\Programs\Microsoft VS Code\bin;C:\Users\thiag\AppData\Local\hyper\app-3.0.2\resources\bin;C:\Users\thiag\AppData\Local\Microsoft\WindowsApps;C:\src\flutter\bin;C:\Users\thiag\AppData\Roaming\npm;C:\Users\thiag\AppData\Local\Yarn\bin;C:\Users\thiag\.dotnet\tools;C:\Users\thiag\AppData\Local\Programs\Fiddler;C:\Users\thiag\Downloads\chromedriver_win32;C:\Program Files\Java\jdk1.8.0_211\BIN;C:\dev\apache-maven-3.6.3\BIN;C:\dev\chromedriver_win32;;."/>
    <property name="maven.conf" value="C:\dev\apache-maven-3.6.3\bin\../conf"/>
    <property name="java.specification.name" value="Java Platform API Specification"/>
    <property name="java.class.version" value="52.0"/>
    <property name="sun.management.compiler" value="HotSpot 64-Bit Tiered Compilers"/>
    <property name="os.version" value="10.0"/>
    <property name="library.jansi.path" value="C:\dev\apache-maven-3.6.3\bin\..\lib\jansi-native"/>
    <property name="user.home" value="C:\Users\thiag"/>
    <property name="user.timezone" value="America/Sao_Paulo"/>
    <property name="java.awt.printerjob" value="sun.awt.windows.WPrinterJob"/>
    <property name="java.specification.version" value="1.8"/>
    <property name="file.encoding" value="Cp1252"/>
    <property name="user.name" value="thiag"/>
    <property name="java.class.path" value="C:\dev\apache-maven-3.6.3\bin\..\boot\plexus-classworlds-2.6.0.jar"/>
    <property name="java.vm.specification.version" value="1.8"/>
    <property name="sun.arch.data.model" value="64"/>
    <property name="java.home" value="C:\Program Files\Java\jdk1.8.0_211\jre"/>
    <property name="sun.java.command" value="org.codehaus.plexus.classworlds.launcher.Launcher verify"/>
    <property name="java.specification.vendor" value="Oracle Corporation"/>
    <property name="user.language" value="pt"/>
    <property name="awt.toolkit" value="sun.awt.windows.WToolkit"/>
    <property name="java.vm.info" value="mixed mode"/>
    <property name="java.version" value="1.8.0_211"/>
    <property name="java.ext.dirs" value="C:\Program Files\Java\jdk1.8.0_211\jre\lib\ext;C:\WINDOWS\Sun\Java\lib\ext"/>
    <property name="sun.boot.class.path" value="C:\Program Files\Java\jdk1.8.0_211\jre\lib\resources.jar;C:\Program Files\Java\jdk1.8.0_211\jre\lib\rt.jar;C:\Program Files\Java\jdk1.8.0_211\jre\lib\sunrsasign.jar;C:\Program Files\Java\jdk1.8.0_211\jre\lib\jsse.jar;C:\Program Files\Java\jdk1.8.0_211\jre\lib\jce.jar;C:\Program Files\Java\jdk1.8.0_211\jre\lib\charsets.jar;C:\Program Files\Java\jdk1.8.0_211\jre\lib\jfr.jar;C:\Program Files\Java\jdk1.8.0_211\jre\classes"/>
    <property name="sun.stderr.encoding" value="cp850"/>
    <property name="java.vendor" value="Oracle Corporation"/>
    <property name="maven.home" value="C:\dev\apache-maven-3.6.3\bin\.."/>
    <property name="file.separator" value="\"/>
    <property name="java.vendor.url.bug" value="http://bugreport.sun.com/bugreport/"/>
    <property name="sun.cpu.endian" value="little"/>
    <property name="sun.io.unicode.encoding" value="UnicodeLittle"/>
    <property name="sun.stdout.encoding" value="cp850"/>
    <property name="sun.desktop" value="windows"/>
    <property name="sun.cpu.isalist" value="amd64"/>
  </properties>
  <testcase name="Dado que o usuario gostaria de salvar um processo" classname="Cenário: Criação de novo processo - POST" time="0.002"/>
  <testcase name="E o o usuário informar o &quot;vara&quot; com o valor igual a &quot;5&quot;" classname="Cenário: Criação de novo processo - POST" time="0"/>
  <testcase name="E o o usuário informar o &quot;numero_processo&quot; com o valor igual a &quot;1985851&quot;" classname="Cenário: Criação de novo processo - POST" time="0"/>
  <testcase name="E o o usuário informar o &quot;natureza&quot; com o valor igual a &quot;Criminal&quot;" classname="Cenário: Criação de novo processo - POST" time="0"/>
  <testcase name="E o o usuário informar o &quot;partes&quot; com o valor igual a &quot;Renax X Thiago&quot;" classname="Cenário: Criação de novo processo - POST" time="0"/>
  <testcase name="E o o usuário informar o &quot;urgente&quot; com o valor igual a &quot;S&quot;" classname="Cenário: Criação de novo processo - POST" time="0"/>
  <testcase name="E o o usuário informar o &quot;arbitramento&quot; com o valor igual a &quot;S&quot;" classname="Cenário: Criação de novo processo - POST" time="0"/>
  <testcase name="E o o usuário informar o &quot;assistente_social&quot; com o valor igual a &quot;Agapito&quot;" classname="Cenário: Criação de novo processo - POST" time="0.002"/>
  <testcase name="E o o usuário informar o &quot;data_entrada&quot; com o valor igual a &quot;14/12/2020&quot;" classname="Cenário: Criação de novo processo - POST" time="0"/>
  <testcase name="E o o usuário informar o &quot;data_saida&quot; com o valor igual a &quot;&quot;" classname="Cenário: Criação de novo processo - POST" time="0"/>
  <testcase name="E o o usuário informar o &quot;data_agendamento&quot; com o valor igual a &quot;&quot;" classname="Cenário: Criação de novo processo - POST" time="0"/>
  <testcase name="E o o usuário informar o &quot;status&quot; com o valor igual a &quot;Aguardando&quot;" classname="Cenário: Criação de novo processo - POST" time="0"/>
  <testcase name="E o o usuário informar o &quot;observacao&quot; com o valor igual a &quot;Teste Observacao&quot;" classname="Cenário: Criação de novo processo - POST" time="0"/>
  <testcase name="Quando o usuário clicar no botão salvar" classname="Cenário: Criação de novo processo - POST" time="0"/>
  <testcase name="Então o usuário deveria ver a mensagem &quot;salvo com sucesso&quot;" classname="Cenário: Criação de novo processo - POST" time="0"/>
  <testcase name="Cenário: Criação de novo processo - POST" classname="Cenário: Criação de novo processo - POST" time="0"/>
  <testcase name="Dado que o usuario gostaria de salvar um processo" classname="Cenário: Selecao de um processo - GET" time="0"/>
  <testcase name="E o o usuário informar o &quot;vara&quot; com o valor igual a &quot;5&quot;" classname="Cenário: Selecao de um processo - GET" time="0"/>
  <testcase name="E o o usuário informar o &quot;numero_processo&quot; com o valor igual a &quot;1985851&quot;" classname="Cenário: Selecao de um processo - GET" time="0"/>
  <testcase name="E o o usuário informar o &quot;natureza&quot; com o valor igual a &quot;Criminal&quot;" classname="Cenário: Selecao de um processo - GET" time="0"/>
  <testcase name="E o o usuário informar o &quot;partes&quot; com o valor igual a &quot;Renax X Thiago&quot;" classname="Cenário: Selecao de um processo - GET" time="0"/>
  <testcase name="E o o usuário informar o &quot;urgente&quot; com o valor igual a &quot;S&quot;" classname="Cenário: Selecao de um processo - GET" time="0"/>
  <testcase name="E o o usuário informar o &quot;arbitramento&quot; com o valor igual a &quot;S&quot;" classname="Cenário: Selecao de um processo - GET" time="0"/>
  <testcase name="E o o usuário informar o &quot;assistente_social&quot; com o valor igual a &quot;Agapito&quot;" classname="Cenário: Selecao de um processo - GET" time="0"/>
  <testcase name="E o o usuário informar o &quot;data_entrada&quot; com o valor igual a &quot;14/12/2020&quot;" classname="Cenário: Selecao de um processo - GET" time="0"/>
  <testcase name="E o o usuário informar o &quot;data_saida&quot; com o valor igual a &quot;&quot;" classname="Cenário: Selecao de um processo - GET" time="0"/>
  <testcase name="E o o usuário informar o &quot;data_agendamento&quot; com o valor igual a &quot;&quot;" classname="Cenário: Selecao de um processo - GET" time="0"/>
  <testcase name="E o o usuário informar o &quot;status&quot; com o valor igual a &quot;Aguardando&quot;" classname="Cenário: Selecao de um processo - GET" time="0.002"/>
  <testcase name="E o o usuário informar o &quot;observacao&quot; com o valor igual a &quot;Teste Observacao&quot;" classname="Cenário: Selecao de um processo - GET" time="0"/>
  <testcase name="Quando o usuário clicar no botão salvar" classname="Cenário: Selecao de um processo - GET" time="0"/>
  <testcase name="Quando o usuário clicar no botão mostrar" classname="Cenário: Selecao de um processo - GET" time="0"/>
  <testcase name="Então o usuário deveria ver a mensagem &quot;sucesso&quot;" classname="Cenário: Selecao de um processo - GET" time="0"/>
  <testcase name="E o usuário visualiza o campo &quot;numero_processo&quot; com o valor &quot;1985851&quot;" classname="Cenário: Selecao de um processo - GET" time="0"/>
  <testcase name="Cenário: Selecao de um processo - GET" classname="Cenário: Selecao de um processo - GET" time="0"/>
  <testcase name="Dado que o usuario gostaria de salvar um processo" classname="Cenário: Alteração de um processo - PUT" time="0"/>
  <testcase name="E o o usuário informar o &quot;vara&quot; com o valor igual a &quot;5&quot;" classname="Cenário: Alteração de um processo - PUT" time="0"/>
  <testcase name="E o o usuário informar o &quot;numero_processo&quot; com o valor igual a &quot;1985851&quot;" classname="Cenário: Alteração de um processo - PUT" time="0"/>
  <testcase name="E o o usuário informar o &quot;natureza&quot; com o valor igual a &quot;Criminal&quot;" classname="Cenário: Alteração de um processo - PUT" time="0"/>
  <testcase name="E o o usuário informar o &quot;partes&quot; com o valor igual a &quot;Renax X Thiago&quot;" classname="Cenário: Alteração de um processo - PUT" time="0"/>
  <testcase name="E o o usuário informar o &quot;urgente&quot; com o valor igual a &quot;S&quot;" classname="Cenário: Alteração de um processo - PUT" time="0"/>
  <testcase name="E o o usuário informar o &quot;arbitramento&quot; com o valor igual a &quot;S&quot;" classname="Cenário: Alteração de um processo - PUT" time="0"/>
  <testcase name="E o o usuário informar o &quot;assistente_social&quot; com o valor igual a &quot;Agapito&quot;" classname="Cenário: Alteração de um processo - PUT" time="0"/>
  <testcase name="E o o usuário informar o &quot;data_entrada&quot; com o valor igual a &quot;14/12/2020&quot;" classname="Cenário: Alteração de um processo - PUT" time="0"/>
  <testcase name="E o o usuário informar o &quot;data_saida&quot; com o valor igual a &quot;&quot;" classname="Cenário: Alteração de um processo - PUT" time="0"/>
  <testcase name="E o o usuário informar o &quot;data_agendamento&quot; com o valor igual a &quot;&quot;" classname="Cenário: Alteração de um processo - PUT" time="0"/>
  <testcase name="E o o usuário informar o &quot;status&quot; com o valor igual a &quot;Aguardando&quot;" classname="Cenário: Alteração de um processo - PUT" time="0"/>
  <testcase name="E o o usuário informar o &quot;observacao&quot; com o valor igual a &quot;Teste Observacao&quot;" classname="Cenário: Alteração de um processo - PUT" time="0"/>
  <testcase name="Quando o usuário clicar no botão salvar" classname="Cenário: Alteração de um processo - PUT" time="0"/>
  <testcase name="E alterar o campo &quot;numero_processo&quot; para o valor &quot;3333&quot;" classname="Cenário: Alteração de um processo - PUT" time="0"/>
  <testcase name="E o usuario clicar em editar" classname="Cenário: Alteração de um processo - PUT" time="0"/>
  <testcase name="Entao o usuário deveria ver a mensagem &quot;sucesso&quot;" classname="Cenário: Alteração de um processo - PUT" time="0"/>
  <testcase name="Cenário: Alteração de um processo - PUT" classname="Cenário: Alteração de um processo - PUT" time="0.001"/>
  <testcase name="Dado que o usuario gostaria de salvar um processo" classname="Cenário: Delete de um processo - DELETE" time="0"/>
  <testcase name="E o o usuário informar o &quot;vara&quot; com o valor igual a &quot;5&quot;" classname="Cenário: Delete de um processo - DELETE" time="0"/>
  <testcase name="E o o usuário informar o &quot;numero_processo&quot; com o valor igual a &quot;1985851&quot;" classname="Cenário: Delete de um processo - DELETE" time="0"/>
  <testcase name="E o o usuário informar o &quot;natureza&quot; com o valor igual a &quot;Criminal&quot;" classname="Cenário: Delete de um processo - DELETE" time="0"/>
  <testcase name="E o o usuário informar o &quot;partes&quot; com o valor igual a &quot;Renax X Thiago&quot;" classname="Cenário: Delete de um processo - DELETE" time="0"/>
  <testcase name="E o o usuário informar o &quot;urgente&quot; com o valor igual a &quot;S&quot;" classname="Cenário: Delete de um processo - DELETE" time="0"/>
  <testcase name="E o o usuário informar o &quot;arbitramento&quot; com o valor igual a &quot;S&quot;" classname="Cenário: Delete de um processo - DELETE" time="0"/>
  <testcase name="E o o usuário informar o &quot;assistente_social&quot; com o valor igual a &quot;Agapito&quot;" classname="Cenário: Delete de um processo - DELETE" time="0"/>
  <testcase name="E o o usuário informar o &quot;data_entrada&quot; com o valor igual a &quot;14/12/2020&quot;" classname="Cenário: Delete de um processo - DELETE" time="0"/>
  <testcase name="E o o usuário informar o &quot;data_saida&quot; com o valor igual a &quot;&quot;" classname="Cenário: Delete de um processo - DELETE" time="0"/>
  <testcase name="E o o usuário informar o &quot;data_agendamento&quot; com o valor igual a &quot;&quot;" classname="Cenário: Delete de um processo - DELETE" time="0"/>
  <testcase name="E o o usuário informar o &quot;status&quot; com o valor igual a &quot;Aguardando&quot;" classname="Cenário: Delete de um processo - DELETE" time="0"/>
  <testcase name="E o o usuário informar o &quot;observacao&quot; com o valor igual a &quot;Teste Observacao&quot;" classname="Cenário: Delete de um processo - DELETE" time="0"/>
  <testcase name="Quando o usuário clicar no botão salvar" classname="Cenário: Delete de um processo - DELETE" time="0"/>
  <testcase name="E o usuario clicar em Excluir" classname="Cenário: Delete de um processo - DELETE" time="0"/>
  <testcase name="E o usuário deveria ver a mensagem &quot;no content&quot;" classname="Cenário: Delete de um processo - DELETE" time="0"/>
  <testcase name="E o usuário clicar no botão mostrar" classname="Cenário: Delete de um processo - DELETE" time="0"/>
  <testcase name="Entao o usuário deveria ver a mensagem &quot;not found&quot;" classname="Cenário: Delete de um processo - DELETE" time="0"/>
  <testcase name="Cenário: Delete de um processo - DELETE" classname="Cenário: Delete de um processo - DELETE" time="0"/>
</testsuite>